<?xml version="1.0" encoding="UTF-8"?>
<!-- Generated by org.testng.reporters.JUnitReportReporter -->
<testsuite hostname="Shubham" failures="0" tests="4" name="TestCases.Inventory_Page_Test" time="41.497" errors="0" timestamp="2023-12-14T10:36:32 IST" skipped="0">
  <testcase classname="TestCases.Inventory_Page_Test" name="add6productTest" time="9.890"/>
  <system-out>
    <![CDATA[Total product added to cart = 6]]>
  </system-out>
  <testcase classname="TestCases.Inventory_Page_Test" name="verifyproductLableTest" time="9.317"/>
  <system-out>
    <![CDATA[Lable of Invetory Page = Products]]>
  </system-out>
  <testcase classname="TestCases.Inventory_Page_Test" name="remove2ProductTest" time="13.015"/>
  <system-out>
    <![CDATA[Count of product after removing = 4]]>
  </system-out>
  <testcase classname="TestCases.Inventory_Page_Test" name="verifyTwitterLogoTest" time="9.275"/>
  <system-out>
    <![CDATA[Visibility of the twitter Logo = true]]>
  </system-out>
</testsuite> <!-- TestCases.Inventory_Page_Test -->
