<?xml version="1.0" encoding="UTF-8"?>
<!-- Generated by org.testng.reporters.JUnitReportReporter -->
<testsuite hostname="Shubham" failures="0" tests="3" name="TestCases.LoginTestPage" time="19.895" errors="0" timestamp="2023-12-14T10:36:32 IST" skipped="0">
  <testcase classname="TestCases.LoginTestPage" name="verifyTitleofApplication" time="6.460"/>
  <system-out/>
  <testcase classname="TestCases.LoginTestPage" name="verifyURLofApplication" time="6.090"/>
  <system-out/>
  <testcase classname="TestCases.LoginTestPage" name="loginToApplication" time="7.345"/>
  <system-out/>
</testsuite> <!-- TestCases.LoginTestPage -->
