<?xml version="1.0" encoding="UTF-8"?>
<!-- Generated by org.testng.reporters.JUnitReportReporter -->
<testsuite hostname="Shubham" failures="0" tests="3" name="TestCases.CheckOutPage_1_Test" time="21.349" errors="0" timestamp="2023-12-14T10:36:32 IST" skipped="0">
  <testcase classname="TestCases.CheckOutPage_1_Test" name="verifyURLCheckOutPage1Test" time="7.034"/>
  <system-out>
    <![CDATA[Checkout Page 1 Url is = https://www.saucedemo.com/checkout-step-one.html]]>
  </system-out>
  <testcase classname="TestCases.CheckOutPage_1_Test" name="inputInformationTest" time="7.423"/>
  <system-out>
    <![CDATA[URL of the Checkout page 2 = https://www.saucedemo.com/checkout-step-two.html]]>
  </system-out>
  <testcase classname="TestCases.CheckOutPage_1_Test" name="verifyTitleOfApplicationTest" time="6.892"/>
  <system-out>
    <![CDATA[Title of the checkout Page = Checkout: Your Information]]>
  </system-out>
</testsuite> <!-- TestCases.CheckOutPage_1_Test -->
