<?xml version="1.0" encoding="UTF-8"?>
<!-- Generated by org.testng.reporters.JUnitReportReporter -->
<testsuite hostname="Shubham" failures="0" tests="2" name="TestCases.Car_Page_Test" time="14.394" errors="0" timestamp="2023-12-14T10:36:32 IST" skipped="0">
  <testcase classname="TestCases.Car_Page_Test" name="verifyLableCartPageTest" time="7.084"/>
  <system-out>
    <![CDATA[ Lable of the Cart Page = Your Cart]]>
  </system-out>
  <testcase classname="TestCases.Car_Page_Test" name="verifyURLOfTheApplication" time="7.310"/>
  <system-out>
    <![CDATA[URL of the Page = https://www.saucedemo.com/cart.html]]>
  </system-out>
</testsuite> <!-- TestCases.Car_Page_Test -->
