<?xml version="1.0" encoding="UTF-8"?>
<!-- Generated by org.testng.reporters.JUnitReportReporter -->
<testsuite hostname="Shubham" failures="0" tests="2" name="TestCases.CheckOutPage_2_Test" time="14.972" errors="0" timestamp="2023-12-14T10:36:32 IST" skipped="0">
  <testcase classname="TestCases.CheckOutPage_2_Test" name="verifyLableTest" time="7.368"/>
  <system-out>
    <![CDATA[Lable of check out page 2 = Checkout: Overview]]>
  </system-out>
  <testcase classname="TestCases.CheckOutPage_2_Test" name="clickOnFinishBtnTest" time="7.604"/>
  <system-out>
    <![CDATA[Url of the complete page = https://www.saucedemo.com/checkout-complete.html]]>
  </system-out>
</testsuite> <!-- TestCases.CheckOutPage_2_Test -->
